<?xml version="1.0" encoding="UTF-8"?>
<!-- Generated by org.testng.reporters.JUnitXMLReporter -->
<testsuite ignored="0" hostname="Nostras-MacBook-Pro.local" failures="0" tests="4" name="Default test" time="43.698" errors="0" timestamp="2021-04-10T23:39:24 WIB">
  <testcase classname="com.jakartalabsassignment.diandra_irdianti.BuilderAPITest" name="signUpAPI" time="11.545"/>
  <testcase classname="com.jakartalabsassignment.diandra_irdianti.BuilderAPITest" name="setCurrencyAPI" time="28.873"/>
  <testcase classname="com.jakartalabsassignment.diandra_irdianti.BuilderAPITest" name="profileAPI" time="1.691"/>
  <testcase classname="com.jakartalabsassignment.diandra_irdianti.BuilderAPITest" name="signOutAPI" time="1.531"/>
</testsuite> <!-- Default test -->
